[debug] [2023-02-02T05:58:34.051Z] ----------------------------------------------------------------------
[debug] [2023-02-02T05:58:34.053Z] Command:       C:\Program Files\nodejs\node.exe C:\Users\Administrator\AppData\Roaming\npm\node_modules\firebase-tools\lib\bin\firebase.js init
[debug] [2023-02-02T05:58:34.053Z] CLI Version:   9.23.1
[debug] [2023-02-02T05:58:34.053Z] Platform:      win32
[debug] [2023-02-02T05:58:34.054Z] Node Version:  v18.12.1
[debug] [2023-02-02T05:58:34.054Z] Time:          Thu Feb 02 2023 14:58:34 GMT+0900 (대한민국 표준시)
[debug] [2023-02-02T05:58:34.054Z] ----------------------------------------------------------------------
[debug] 
[debug] [2023-02-02T05:58:34.056Z] >>> [apiv2][query] GET https://firebase-public.firebaseio.com/cli.json [none]
[debug] [2023-02-02T05:58:34.105Z] > command requires scopes: ["email","openid","https://www.googleapis.com/auth/cloudplatformprojects.readonly","https://www.googleapis.com/auth/firebase","https://www.googleapis.com/auth/cloud-platform"]
[debug] [2023-02-02T05:58:34.105Z] > authorizing via signed-in user (miniming1026@naver.com)
[info] 
     ######## #### ########  ######## ########     ###     ######  ########
     ##        ##  ##     ## ##       ##     ##  ##   ##  ##       ##
     ######    ##  ########  ######   ########  #########  ######  ######
     ##        ##  ##    ##  ##       ##     ## ##     ##       ## ##
     ##       #### ##     ## ######## ########  ##     ##  ######  ########

You're about to initialize a Firebase project in this directory:

  C:\xampp\htdocs\mint_button\mint_button

Before we get started, keep in mind:

  * You are currently outside your home directory

[debug] [2023-02-02T05:58:34.499Z] <<< [apiv2][status] GET https://firebase-public.firebaseio.com/cli.json 200
[debug] [2023-02-02T05:58:34.500Z] <<< [apiv2][body] GET https://firebase-public.firebaseio.com/cli.json {"cloudBuildErrorAfter":1594252800000,"cloudBuildWarnAfter":1590019200000,"defaultNode10After":1594252800000,"minVersion":"3.0.5","node8DeploysDisabledAfter":1613390400000,"node8RuntimeDisabledAfter":1615809600000,"node8WarnAfter":1600128000000}
[info] 
=== Project Setup
[info] 
[info] First, let's associate this project directory with a Firebase project.
[info] You can create multiple project aliases by running firebase use --add, 
[info] but for now we'll just set up a default project.
[info] 
[debug] [2023-02-02T06:00:29.826Z] > refreshing access token with scopes: []
[debug] [2023-02-02T06:00:29.827Z] >>> HTTP REQUEST POST https://www.googleapis.com/oauth2/v3/token  
 <request body omitted>
[debug] [2023-02-02T06:00:30.083Z] <<< HTTP RESPONSE 200 {"expires":"Mon, 01 Jan 1990 00:00:00 GMT","pragma":"no-cache","cache-control":"no-cache, no-store, max-age=0, must-revalidate","date":"Thu, 02 Feb 2023 06:00:30 GMT","content-type":"application/json; charset=utf-8","vary":"X-Origin, Referer, Origin,Accept-Encoding","server":"scaffolding on HTTPServer2","x-xss-protection":"0","x-frame-options":"SAMEORIGIN","x-content-type-options":"nosniff","alt-svc":"h3=\":443\"; ma=2592000,h3-29=\":443\"; ma=2592000","accept-ranges":"none","transfer-encoding":"chunked"}
[debug] [2023-02-02T06:00:30.112Z] >>> [apiv2][query] GET https://firebase.googleapis.com/v1beta1/projects pageSize=100
[debug] [2023-02-02T06:00:30.821Z] <<< [apiv2][status] GET https://firebase.googleapis.com/v1beta1/projects 200
[debug] [2023-02-02T06:00:30.822Z] <<< [apiv2][body] GET https://firebase.googleapis.com/v1beta1/projects [omitted]
[info] i  Using project mint-button (mint-button) 
[info] 
=== Firestore Setup
[debug] [2023-02-02T06:00:39.625Z] >>> [apiv2][query] GET https://serviceusage.googleapis.com/v1/projects/mint-button/services/firestore.googleapis.com [none]
[debug] [2023-02-02T06:00:41.019Z] <<< [apiv2][status] GET https://serviceusage.googleapis.com/v1/projects/mint-button/services/firestore.googleapis.com 200
[debug] [2023-02-02T06:00:41.019Z] <<< [apiv2][body] GET https://serviceusage.googleapis.com/v1/projects/mint-button/services/firestore.googleapis.com {"name":"projects/135964633246/services/firestore.googleapis.com","config":{"name":"firestore.googleapis.com","title":"Cloud Firestore API","apis":[{"name":"google.cloud.location.Locations","methods":[{"name":"ListLocations"},{"name":"GetLocation"}],"version":"v1"},{"name":"google.longrunning.Operations","methods":[{"name":"ListOperations"},{"name":"GetOperation"},{"name":"DeleteOperation"},{"name":"CancelOperation"},{"name":"WaitOperation"}],"version":"v1"},{"name":"google.firestore.admin.v1.FirestoreAdmin","methods":[{"name":"CreateIndex"},{"name":"ListIndexes"},{"name":"GetIndex"},{"name":"DeleteIndex"},{"name":"GetField"},{"name":"UpdateField"},{"name":"ListFields"},{"name":"ExportDocuments"},{"name":"ImportDocuments"},{"name":"CreateDatabase"},{"name":"GetDatabase"},{"name":"ListDatabases"},{"name":"UpdateDatabase"},{"name":"DeleteDatabase"}],"version":"v1"},{"name":"google.firestore.admin.v1beta1.FirestoreAdmin","methods":[{"name":"CreateIndex"},{"name":"ListIndexes"},{"name":"GetIndex"},{"name":"DeleteIndex"},{"name":"ExportDocuments"},{"name":"ImportDocuments"}],"version":"v1beta1"},{"name":"google.firestore.admin.v1beta2.FirestoreAdmin","methods":[{"name":"CreateIndex"},{"name":"ListIndexes"},{"name":"GetIndex"},{"name":"DeleteIndex"},{"name":"GetField"},{"name":"UpdateField"},{"name":"ListFields"},{"name":"ExportDocuments"},{"name":"ImportDocuments"}],"version":"v1beta2"},{"name":"google.firestore.v1.Firestore","methods":[{"name":"GetDocument"},{"name":"ListDocuments"},{"name":"UpdateDocument"},{"name":"DeleteDocument"},{"name":"BatchGetDocuments"},{"name":"BeginTransaction"},{"name":"Commit"},{"name":"Rollback"},{"name":"RunQuery"},{"name":"RunAggregationQuery"},{"name":"PartitionQuery"},{"name":"Write"},{"name":"Listen"},{"name":"ListCollectionIds"},{"name":"BatchWrite"},{"name":"CreateDocument"}],"version":"v1"},{"name":"google.firestore.v1beta1.Firestore","methods":[{"name":"GetDocument"},{"name":"ListDocuments"},{"name":"UpdateDocument"},{"name":"DeleteDocument"},{"name":"BatchGetDocuments"},{"name":"BeginTransaction"},{"name":"Commit"},{"name":"Rollback"},{"name":"RunQuery"},{"name":"RunAggregationQuery"},{"name":"PartitionQuery"},{"name":"Write"},{"name":"Listen"},{"name":"ListCollectionIds"},{"name":"BatchWrite"},{"name":"CreateDocument"}],"version":"v1beta1"},{"name":"google.discovery.Discovery","methods":[{"name":"GetDiscovery"},{"name":"GetDiscoveryRest"}],"version":"v1"}],"documentation":{"summary":"Accesses the NoSQL document database built for automatic scaling, high performance, and ease of application development.\n"},"quota":{"limits":[{"name":"LocationsRequestsPerMinutePerProject","metric":"firestore.googleapis.com/locations_requests","unit":"1/min/{project}","values":{"DEFAULT":"60"},"displayName":"Locations Requests Per Minute"},{"name":"ExportsPerMinutePerProject","metric":"firestore.googleapis.com/export_requests","unit":"1/min/{project}","values":{"DEFAULT":"20"},"displayName":"Export Requests Per Minute"},{"name":"ImportsPerMinutePerProject","metric":"firestore.googleapis.com/import_requests","unit":"1/min/{project}","values":{"DEFAULT":"20"},"displayName":"Import Requests Per Minute"},{"name":"DatabaseOperationsPerMinutePerProject","metric":"firestore.googleapis.com/database_operation_requests","unit":"1/min/{project}","values":{"DEFAULT":"60"},"displayName":"Database Operations Per Minute"},{"name":"ReadOperationsPerProjectPerDay","metric":"firestore.googleapis.com/read_operations_per_project","unit":"1/d/{project}","values":{"DEFAULT":"50000"}},{"name":"WriteOperationsPerProjectPerDay","metric":"firestore.googleapis.com/write_operations_per_project","unit":"1/d/{project}","values":{"DEFAULT":"20000"}},{"name":"DeleteOperationsPerProjectPerDay","metric":"firestore.googleapis.com/delete_operations_per_project","unit":"1/d/{project}","values":{"DEFAULT":"20000"}},{"name":"SmallOperationsPerProjectPerDay","metric":"firestore.googleapis.com/small_operations_per_project","unit":"1/d/{project}","values":{"DEFAULT":"50000"}},{"name":"CompositeIndexesPerDatabase","metric":"firestore.googleapis.com/composite_indexes_per_database","unit":"1/{project}/{database_id}","values":{"DEFAULT":"200"},"displayName":"Composite Indexes per Database"}]},"authentication":{"rules":[{"oauth":{"canonicalScopes":"https://www.googleapis.com/auth/datastore, https://www.googleapis.com/auth/cloud-platform"}},{"oauth":{"canonicalScopes":"https://www.googleapis.com/auth/datastore, https://www.googleapis.com/auth/cloud-platform"}},{"oauth":{"canonicalScopes":"https://www.googleapis.com/auth/datastore, https://www.googleapis.com/auth/cloud-platform"}},{"oauth":{"canonicalScopes":"https://www.googleapis.com/auth/datastore, https://www.googleapis.com/auth/cloud-platform"}},{"oauth":{"canonicalScopes":"https://www.googleapis.com/auth/datastore, https://www.googleapis.com/auth/cloud-platform"}},{"oauth":{"canonicalScopes":"https://www.googleapis.com/auth/datastore, https://www.googleapis.com/auth/cloud-platform"}},{"oauth":{"canonicalScopes":"https://www.googleapis.com/auth/datastore, https://www.googleapis.com/auth/cloud-platform"}},{"oauth":{"canonicalScopes":"https://www.googleapis.com/auth/datastore, https://www.googleapis.com/auth/cloud-platform"}},{"oauth":{"canonicalScopes":"https://www.googleapis.com/auth/datastore, https://www.googleapis.com/auth/cloud-platform"}},{"oauth":{"canonicalScopes":"https://www.googleapis.com/auth/datastore, https://www.googleapis.com/auth/cloud-platform"}},{"oauth":{"canonicalScopes":"https://www.googleapis.com/auth/datastore, https://www.googleapis.com/auth/cloud-platform"}},{"oauth":{"canonicalScopes":"https://www.googleapis.com/auth/datastore, https://www.googleapis.com/auth/cloud-platform"}},{"oauth":{"canonicalScopes":"https://www.googleapis.com/auth/datastore, https://www.googleapis.com/auth/cloud-platform"}},{"oauth":{"canonicalScopes":"https://www.googleapis.com/auth/datastore, https://www.googleapis.com/auth/cloud-platform"}},{"oauth":{"canonicalScopes":"https://www.googleapis.com/auth/datastore, https://www.googleapis.com/auth/cloud-platform"}},{"oauth":{"canonicalScopes":"https://www.googleapis.com/auth/datastore, https://www.googleapis.com/auth/cloud-platform"}},{"oauth":{"canonicalScopes":"https://www.googleapis.com/auth/datastore, https://www.googleapis.com/auth/cloud-platform"}},{"oauth":{"canonicalScopes":"https://www.googleapis.com/auth/datastore, https://www.googleapis.com/auth/cloud-platform"}},{"oauth":{"canonicalScopes":"https://www.googleapis.com/auth/datastore, https://www.googleapis.com/auth/cloud-platform"}},{"oauth":{"canonicalScopes":"https://www.googleapis.com/auth/datastore, https://www.googleapis.com/auth/cloud-platform"}},{"oauth":{"canonicalScopes":"https://www.googleapis.com/auth/datastore, https://www.googleapis.com/auth/cloud-platform"}},{"oauth":{"canonicalScopes":"https://www.googleapis.com/auth/datastore, https://www.googleapis.com/auth/cloud-platform"}},{"oauth":{"canonicalScopes":"https://www.googleapis.com/auth/datastore, https://www.googleapis.com/auth/cloud-platform"}},{"oauth":{"canonicalScopes":"https://www.googleapis.com/auth/datastore, https://www.googleapis.com/auth/cloud-platform"}},{"oauth":{"canonicalScopes":"https://www.googleapis.com/auth/datastore, https://www.googleapis.com/auth/cloud-platform"}},{"oauth":{"canonicalScopes":"https://www.googleapis.com/auth/datastore, https://www.googleapis.com/auth/cloud-platform"}},{"oauth":{"canonicalScopes":"https://www.googleapis.com/auth/datastore, https://www.googleapis.com/auth/cloud-platform"}},{"oauth":{"canonicalScopes":"https://www.googleapis.com/auth/datastore, https://www.googleapis.com/auth/cloud-platform"}},{"oauth":{"canonicalScopes":"https://www.googleapis.com/auth/datastore, https://www.googleapis.com/auth/cloud-platform"}},{"oauth":{"canonicalScopes":"https://www.googleapis.com/auth/datastore, https://www.googleapis.com/auth/cloud-platform"}},{"oauth":{"canonicalScopes":"https://www.googleapis.com/auth/datastore, https://www.googleapis.com/auth/cloud-platform"}},{"oauth":{"canonicalScopes":"https://www.googleapis.com/auth/datastore, https://www.googleapis.com/auth/cloud-platform"}},{"oauth":{"canonicalScopes":"https://www.googleapis.com/auth/datastore, https://www.googleapis.com/auth/cloud-platform"}},{"oauth":{"canonicalScopes":"https://www.googleapis.com/auth/datastore, https://www.googleapis.com/auth/cloud-platform"}},{"oauth":{"canonicalScopes":"https://www.googleapis.com/auth/datastore, https://www.googleapis.com/auth/cloud-platform"}},{"oauth":{"canonicalScopes":"https://www.googleapis.com/auth/datastore, https://www.googleapis.com/auth/cloud-platform"}},{"oauth":{"canonicalScopes":"https://www.googleapis.com/auth/datastore, https://www.googleapis.com/auth/cloud-platform"}},{"oauth":{"canonicalScopes":"https://www.googleapis.com/auth/datastore, https://www.googleapis.com/auth/cloud-platform"}},{"oauth":{"canonicalScopes":"https://www.googleapis.com/auth/datastore, https://www.googleapis.com/auth/cloud-platform"}},{"oauth":{"canonicalScopes":"https://www.googleapis.com/auth/datastore, https://www.googleapis.com/auth/cloud-platform"}},{"oauth":{"canonicalScopes":"https://www.googleapis.com/auth/datastore, https://www.googleapis.com/auth/cloud-platform"}},{"oauth":{"canonicalScopes":"https://www.googleapis.com/auth/datastore, https://www.googleapis.com/auth/cloud-platform"}},{"oauth":{"canonicalScopes":"https://www.googleapis.com/auth/datastore, https://www.googleapis.com/auth/cloud-platform"}},{"oauth":{"canonicalScopes":"https://www.googleapis.com/auth/datastore, https://www.googleapis.com/auth/cloud-platform"}},{"oauth":{"canonicalScopes":"https://www.googleapis.com/auth/datastore, https://www.googleapis.com/auth/cloud-platform"}},{"oauth":{"canonicalScopes":"https://www.googleapis.com/auth/datastore, https://www.googleapis.com/auth/cloud-platform"}},{"oauth":{"canonicalScopes":"https://www.googleapis.com/auth/datastore, https://www.googleapis.com/auth/cloud-platform"}},{"oauth":{"canonicalScopes":"https://www.googleapis.com/auth/datastore, https://www.googleapis.com/auth/cloud-platform"}},{"oauth":{"canonicalScopes":"https://www.googleapis.com/auth/datastore, https://www.googleapis.com/auth/cloud-platform"}},{"oauth":{"canonicalScopes":"https://www.googleapis.com/auth/datastore, https://www.googleapis.com/auth/cloud-platform"}},{"oauth":{"canonicalScopes":"https://www.googleapis.com/auth/datastore, https://www.googleapis.com/auth/cloud-platform"}},{"oauth":{"canonicalScopes":"https://www.googleapis.com/auth/datastore, https://www.googleapis.com/auth/cloud-platform"}},{"oauth":{"canonicalScopes":"https://www.googleapis.com/auth/datastore, https://www.googleapis.com/auth/cloud-platform"}},{"oauth":{"canonicalScopes":"https://www.googleapis.com/auth/datastore, https://www.googleapis.com/auth/cloud-platform"}},{"oauth":{"canonicalScopes":"https://www.googleapis.com/auth/datastore, https://www.googleapis.com/auth/cloud-platform"}},{"oauth":{"canonicalScopes":"https://www.googleapis.com/auth/datastore, https://www.googleapis.com/auth/cloud-platform"}},{"oauth":{"canonicalScopes":"https://www.googleapis.com/auth/datastore, https://www.googleapis.com/auth/cloud-platform"}},{"oauth":{"canonicalScopes":"https://www.googleapis.com/auth/datastore, https://www.googleapis.com/auth/cloud-platform"}},{"oauth":{"canonicalScopes":"https://www.googleapis.com/auth/datastore, https://www.googleapis.com/auth/cloud-platform"}},{"oauth":{"canonicalScopes":"https://www.googleapis.com/auth/datastore, https://www.googleapis.com/auth/cloud-platform"}},{"oauth":{"canonicalScopes":"https://www.googleapis.com/auth/datastore, https://www.googleapis.com/auth/cloud-platform"}},{"oauth":{"canonicalScopes":"https://www.googleapis.com/auth/datastore, https://www.googleapis.com/auth/cloud-platform"}},{"oauth":{"canonicalScopes":"https://www.googleapis.com/auth/datastore, https://www.googleapis.com/auth/cloud-platform"}},{"oauth":{"canonicalScopes":"https://www.googleapis.com/auth/datastore, https://www.googleapis.com/auth/cloud-platform"}},{"oauth":{"canonicalScopes":"https://www.googleapis.com/auth/datastore, https://www.googleapis.com/auth/cloud-platform"}},{"oauth":{"canonicalScopes":"https://www.googleapis.com/auth/datastore, https://www.googleapis.com/auth/cloud-platform"}},{"oauth":{"canonicalScopes":"https://www.googleapis.com/auth/datastore, https://www.googleapis.com/auth/cloud-platform"}},{"oauth":{"canonicalScopes":"https://www.googleapis.com/auth/datastore, https://www.googleapis.com/auth/cloud-platform"}},{"oauth":{"canonicalScopes":"https://www.googleapis.com/auth/datastore, https://www.googleapis.com/auth/cloud-platform"}},{"oauth":{"canonicalScopes":"https://www.googleapis.com/auth/datastore, https://www.googleapis.com/auth/cloud-platform"}},{"oauth":{"canonicalScopes":"https://www.googleapis.com/auth/datastore, https://www.googleapis.com/auth/cloud-platform"}},{"oauth":{"canonicalScopes":"https://www.googleapis.com/auth/datastore, https://www.googleapis.com/auth/cloud-platform"}},{"oauth":{"canonicalScopes":"https://www.googleapis.com/auth/datastore, https://www.googleapis.com/auth/cloud-platform"}},{"oauth":{"canonicalScopes":"https://www.googleapis.com/auth/datastore, https://www.googleapis.com/auth/cloud-platform"}},{"oauth":{"canonicalScopes":"https://www.googleapis.com/auth/datastore, https://www.googleapis.com/auth/cloud-platform"}},{"oauth":{"canonicalScopes":"https://www.googleapis.com/auth/datastore, https://www.googleapis.com/auth/cloud-platform"}},{"oauth":{"canonicalScopes":"https://www.googleapis.com/auth/datastore, https://www.googleapis.com/auth/cloud-platform"}},{"oauth":{"canonicalScopes":"https://www.googleapis.com/auth/datastore, https://www.googleapis.com/auth/cloud-platform"}},{"oauth":{"canonicalScopes":"https://www.googleapis.com/auth/datastore, https://www.googleapis.com/auth/cloud-platform"}},{"oauth":{"canonicalScopes":"https://www.googleapis.com/auth/datastore, https://www.googleapis.com/auth/cloud-platform"}},{"oauth":{"canonicalScopes":"https://www.googleapis.com/auth/datastore, https://www.googleapis.com/auth/cloud-platform"}},{"oauth":{"canonicalScopes":"https://www.googleapis.com/auth/datastore, https://www.googleapis.com/auth/cloud-platform"}},{"oauth":{"canonicalScopes":"https://www.googleapis.com/auth/datastore, https://www.googleapis.com/auth/cloud-platform"}},{"oauth":{"canonicalScopes":"https://www.googleapis.com/auth/datastore, https://www.googleapis.com/auth/cloud-platform"}},{"oauth":{"canonicalScopes":"https://www.googleapis.com/auth/datastore, https://www.googleapis.com/auth/cloud-platform"}},{"oauth":{"canonicalScopes":"https://www.googleapis.com/auth/datastore, https://www.googleapis.com/auth/cloud-platform"}},{"oauth":{"canonicalScopes":"https://www.googleapis.com/auth/datastore, https://www.googleapis.com/auth/cloud-platform"}},{"oauth":{"canonicalScopes":"https://www.googleapis.com/auth/datastore, https://www.googleapis.com/auth/cloud-platform"}},{"oauth":{"canonicalScopes":"https://www.googleapis.com/auth/datastore, https://www.googleapis.com/auth/cloud-platform"}},{"oauth":{"canonicalScopes":"https://www.googleapis.com/auth/datastore, https://www.googleapis.com/auth/cloud-platform"}},{"oauth":{"canonicalScopes":"https://www.googleapis.com/auth/datastore, https://www.googleapis.com/auth/cloud-platform"}},{"oauth":{"canonicalScopes":"https://www.googleapis.com/auth/datastore, https://www.googleapis.com/auth/cloud-platform"}},{"oauth":{"canonicalScopes":"https://www.googleapis.com/auth/datastore, https://www.googleapis.com/auth/cloud-platform"}},{"oauth":{"canonicalScopes":"https://www.googleapis.com/auth/datastore, https://www.googleapis.com/auth/cloud-platform"}},{"oauth":{"canonicalScopes":"https://www.googleapis.com/auth/datastore, https://www.googleapis.com/auth/cloud-platform"}},{"oauth":{"canonicalScopes":"https://www.googleapis.com/auth/datastore, https://www.googleapis.com/auth/cloud-platform"}}]},"usage":{"requirements":["serviceusage.googleapis.com/tos/cloud"]},"endpoints":[{"name":"firestore.googleapis.com"},{"name":"firestore.clients6.google.com"},{"name":"content-firestore.googleapis.com"},{"name":"firestore.mtls.googleapis.com"},{"name":"firestore.mtls.clients6.google.com"},{"name":"content-firestore.mtls.googleapis.com"}],"monitoredResources":[{"type":"firestore.googleapis.com/Database","displayName":"Firestore Database","description":"A Firestore Database.","labels":[{"key":"resource_container","description":"The identifier of the GCP project associated with this resource."},{"key":"location","description":"The location of the database."},{"key":"database_id","description":"The database id."}],"launchStage":"BETA"}],"monitoring":{"consumerDestinations":[{"monitoredResource":"firestore.googleapis.com/Database","metrics":["firestore.googleapis.com/composite_indexes_per_database","firestore.googleapis.com/field_configurations_per_database","firestore.googleapis.com/quota/composite_indexes_per_database/exceeded","firestore.googleapis.com/quota/field_configurations_per_database/exceeded"]},{"monitoredResource":"firestore.googleapis.com/Database","metrics":["firestore.googleapis.com/quota/composite_indexes_per_database/limit","firestore.googleapis.com/quota/composite_indexes_per_database/usage","firestore.googleapis.com/quota/field_configurations_per_database/limit","firestore.googleapis.com/quota/field_configurations_per_database/usage"]}]}},"state":"ENABLED","parent":"projects/135964633246"}
[debug] [2023-02-02T06:00:41.025Z] > refreshing access token with scopes: ["email","https://www.googleapis.com/auth/cloud-platform","https://www.googleapis.com/auth/cloudplatformprojects.readonly","https://www.googleapis.com/auth/firebase","openid"]
[debug] [2023-02-02T06:00:41.026Z] >>> HTTP REQUEST POST https://www.googleapis.com/oauth2/v3/token  
 <request body omitted>
[debug] [2023-02-02T06:00:41.222Z] <<< HTTP RESPONSE 200 {"expires":"Mon, 01 Jan 1990 00:00:00 GMT","pragma":"no-cache","cache-control":"no-cache, no-store, max-age=0, must-revalidate","date":"Thu, 02 Feb 2023 06:00:41 GMT","content-type":"application/json; charset=utf-8","vary":"X-Origin, Referer, Origin,Accept-Encoding","server":"scaffolding on HTTPServer2","x-xss-protection":"0","x-frame-options":"SAMEORIGIN","x-content-type-options":"nosniff","alt-svc":"h3=\":443\"; ma=2592000,h3-29=\":443\"; ma=2592000","accept-ranges":"none","transfer-encoding":"chunked"}
[debug] [2023-02-02T06:00:41.245Z] >>> HTTP REQUEST GET https://appengine.googleapis.com/v1/apps/mint-button  
 
[debug] [2023-02-02T06:00:41.519Z] <<< HTTP RESPONSE 200 {"content-type":"application/json; charset=UTF-8","vary":"X-Origin, Referer, Origin,Accept-Encoding","date":"Thu, 02 Feb 2023 06:00:41 GMT","server":"ESF","cache-control":"private","x-xss-protection":"0","x-frame-options":"SAMEORIGIN","x-content-type-options":"nosniff","alt-svc":"h3=\":443\"; ma=2592000,h3-29=\":443\"; ma=2592000","accept-ranges":"none","transfer-encoding":"chunked"}
[debug] [2023-02-02T06:00:41.520Z] database_type: CLOUD_FIRESTORE
[debug] [2023-02-02T06:00:41.520Z] > command requires scopes: ["email","openid","https://www.googleapis.com/auth/cloudplatformprojects.readonly","https://www.googleapis.com/auth/firebase","https://www.googleapis.com/auth/cloud-platform"]
[debug] [2023-02-02T06:00:41.521Z] > authorizing via signed-in user (miniming1026@naver.com)
[debug] [2023-02-02T06:00:41.521Z] [iam] checking project mint-button for permissions ["firebase.projects.get"]
[debug] [2023-02-02T06:00:41.522Z] >>> HTTP REQUEST POST https://cloudresourcemanager.googleapis.com/v1/projects/mint-button:testIamPermissions  
 {"permissions":["firebase.projects.get"]}
[debug] [2023-02-02T06:00:42.552Z] <<< HTTP RESPONSE 200 {"content-type":"application/json; charset=UTF-8","vary":"X-Origin, Referer, Origin,Accept-Encoding","date":"Thu, 02 Feb 2023 06:00:42 GMT","server":"ESF","cache-control":"private","x-xss-protection":"0","x-frame-options":"SAMEORIGIN","x-content-type-options":"nosniff","server-timing":"gfet4t7; dur=831","alt-svc":"h3=\":443\"; ma=2592000,h3-29=\":443\"; ma=2592000","accept-ranges":"none","transfer-encoding":"chunked"}
[info] 
[info] Firestore Security Rules allow you to define how and when to allow
[info] requests. You can keep these rules in your project directory
[info] and publish them with firebase deploy.
[info] 
[debug] [2023-02-02T06:01:12.370Z] >>> HTTP REQUEST GET https://firebaserules.googleapis.com/v1/projects/mint-button/releases?pageSize=10&pageToken=  
 
[debug] [2023-02-02T06:01:13.612Z] <<< HTTP RESPONSE 200 {"content-type":"application/json; charset=UTF-8","vary":"X-Origin, Referer, Origin,Accept-Encoding","date":"Thu, 02 Feb 2023 06:01:13 GMT","server":"ESF","cache-control":"private","x-xss-protection":"0","x-frame-options":"SAMEORIGIN","x-content-type-options":"nosniff","alt-svc":"h3=\":443\"; ma=2592000,h3-29=\":443\"; ma=2592000","accept-ranges":"none","transfer-encoding":"chunked"}
[debug] [2023-02-02T06:01:13.614Z] No rulesets found, using default.
[debug] [2023-02-02T06:01:13.821Z] Error: EISDIR: illegal operation on a directory, open 'C:\xampp\htdocs\mint_button\mint_button'
    at Object.openSync (node:fs:600:3)
    at Object.writeFileSync (node:fs:2221:35)
    at Object.createFileSync (C:\Users\Administrator\AppData\Roaming\npm\node_modules\firebase-tools\node_modules\fs-extra\lib\ensure\file.js:43:6)
    at Config.writeProjectFile (C:\Users\Administrator\AppData\Roaming\npm\node_modules\firebase-tools\lib\config.js:144:12)
    at C:\Users\Administrator\AppData\Roaming\npm\node_modules\firebase-tools\lib\init\features\firestore\rules.js:50:27
    at process.processTicksAndRejections (node:internal/process/task_queues:95:5)
    at async Object.doSetup [as firestore] (C:\Users\Administrator\AppData\Roaming\npm\node_modules\firebase-tools\lib\init\features\firestore\index.js:35:5)
    at async init (C:\Users\Administrator\AppData\Roaming\npm\node_modules\firebase-tools\lib\init\index.js:19:9)
[error] 
[error] Error: An unexpected error has occurred.
[debug] [2023-02-02T06:13:02.403Z] ----------------------------------------------------------------------
[debug] [2023-02-02T06:13:02.405Z] Command:       C:\Program Files\nodejs\node.exe C:\Users\Administrator\AppData\Roaming\npm\node_modules\firebase-tools\lib\bin\firebase.js init
[debug] [2023-02-02T06:13:02.405Z] CLI Version:   9.23.1
[debug] [2023-02-02T06:13:02.406Z] Platform:      win32
[debug] [2023-02-02T06:13:02.406Z] Node Version:  v18.12.1
[debug] [2023-02-02T06:13:02.406Z] Time:          Thu Feb 02 2023 15:13:02 GMT+0900 (대한민국 표준시)
[debug] [2023-02-02T06:13:02.407Z] ----------------------------------------------------------------------
[debug] 
[debug] [2023-02-02T06:13:02.414Z] > command requires scopes: ["email","openid","https://www.googleapis.com/auth/cloudplatformprojects.readonly","https://www.googleapis.com/auth/firebase","https://www.googleapis.com/auth/cloud-platform"]
[debug] [2023-02-02T06:13:02.414Z] > authorizing via signed-in user (miniming1026@naver.com)
[info] 
     ######## #### ########  ######## ########     ###     ######  ########
     ##        ##  ##     ## ##       ##     ##  ##   ##  ##       ##
     ######    ##  ########  ######   ########  #########  ######  ######
     ##        ##  ##    ##  ##       ##     ## ##     ##       ## ##
     ##       #### ##     ## ######## ########  ##     ##  ######  ########

You're about to initialize a Firebase project in this directory:

  C:\xampp\htdocs\mint_button

Before we get started, keep in mind:

  * You are currently outside your home directory

[info] 
=== Project Setup
[info] 
[info] First, let's associate this project directory with a Firebase project.
[info] You can create multiple project aliases by running firebase use --add, 
[info] but for now we'll just set up a default project.
[info] 
[debug] [2023-02-02T06:13:37.491Z] > refreshing access token with scopes: []
[debug] [2023-02-02T06:13:37.492Z] >>> HTTP REQUEST POST https://www.googleapis.com/oauth2/v3/token  
 <request body omitted>
[debug] [2023-02-02T06:13:37.779Z] <<< HTTP RESPONSE 200 {"pragma":"no-cache","expires":"Mon, 01 Jan 1990 00:00:00 GMT","cache-control":"no-cache, no-store, max-age=0, must-revalidate","date":"Thu, 02 Feb 2023 06:13:37 GMT","content-type":"application/json; charset=utf-8","vary":"X-Origin, Referer, Origin,Accept-Encoding","server":"scaffolding on HTTPServer2","x-xss-protection":"0","x-frame-options":"SAMEORIGIN","x-content-type-options":"nosniff","alt-svc":"h3=\":443\"; ma=2592000,h3-29=\":443\"; ma=2592000","accept-ranges":"none","transfer-encoding":"chunked"}
[debug] [2023-02-02T06:13:37.806Z] >>> [apiv2][query] GET https://firebase.googleapis.com/v1beta1/projects pageSize=100
[debug] [2023-02-02T06:13:38.551Z] <<< [apiv2][status] GET https://firebase.googleapis.com/v1beta1/projects 200
[debug] [2023-02-02T06:13:38.551Z] <<< [apiv2][body] GET https://firebase.googleapis.com/v1beta1/projects [omitted]
